2025-03-09 00:32:03 - Starting EmployeePayrollAppApplication using Java 19.0.2 with PID 4404 (C:\Users\hnypa\OneDrive\Desktop\Employee Payroll\Employee Payroll Application\Employee-Payroll-Backend\target\classes started by hnypa in C:\Users\hnypa\OneDrive\Desktop\Employee Payroll\Employee Payroll Application\Employee-Payroll-Backend)
2025-03-09 00:32:03 - The following 1 profile is active: "default"
2025-03-09 00:32:03 - Devtools property defaults active! Set 'spring.devtools.add-properties' to 'false' to disable
2025-03-09 00:32:03 - For additional web related logging consider setting the 'logging.level.web' property to 'DEBUG'
2025-03-09 00:32:06 - Bootstrapping Spring Data JPA repositories in DEFAULT mode.
2025-03-09 00:32:06 - Finished Spring Data repository scanning in 130 ms. Found 1 JPA repository interface.
2025-03-09 00:32:08 - Tomcat initialized with port 8080 (http)
2025-03-09 00:32:08 - Starting service [Tomcat]
2025-03-09 00:32:08 - Starting Servlet engine: [Apache Tomcat/10.1.36]
2025-03-09 00:32:08 - Initializing Spring embedded WebApplicationContext
2025-03-09 00:32:08 - Root WebApplicationContext: initialization completed in 4236 ms
2025-03-09 00:32:08 - HHH000204: Processing PersistenceUnitInfo [name: default]
2025-03-09 00:32:08 - HHH000412: Hibernate ORM core version 6.6.8.Final
2025-03-09 00:32:08 - HHH000026: Second-level cache disabled
2025-03-09 00:32:09 - No LoadTimeWeaver setup: ignoring JPA class transformer
2025-03-09 00:32:09 - HikariPool-1 - Starting...
2025-03-09 00:32:10 - HikariPool-1 - Added connection com.mysql.cj.jdbc.ConnectionImpl@28946806
2025-03-09 00:32:10 - HikariPool-1 - Start completed.
2025-03-09 00:32:10 - HHH90000025: MySQLDialect does not need to be specified explicitly using 'hibernate.dialect' (remove the property setting and it will be selected by default)
2025-03-09 00:32:10 - HHH10001005: Database info:
	Database JDBC URL [Connecting through datasource 'HikariDataSource (HikariPool-1)']
	Database driver: undefined/unknown
	Database version: 9.2
	Autocommit mode: undefined/unknown
	Isolation level: undefined/unknown
	Minimum pool size: undefined/unknown
	Maximum pool size: undefined/unknown
2025-03-09 00:32:12 - HHH000489: No JTA platform available (set 'hibernate.transaction.jta.platform' to enable JTA platform integration)
2025-03-09 00:32:13 - Initialized JPA EntityManagerFactory for persistence unit 'default'
2025-03-09 00:32:14 - Hibernate is in classpath; If applicable, HQL parser will be used.
2025-03-09 00:32:16 - spring.jpa.open-in-view is enabled by default. Therefore, database queries may be performed during view rendering. Explicitly configure spring.jpa.open-in-view to disable this warning
2025-03-09 00:32:17 - LiveReload server is running on port 35729
2025-03-09 00:32:17 - Tomcat started on port 8080 (http) with context path '/'
2025-03-09 00:32:17 - Started EmployeePayrollAppApplication in 15.968 seconds (process running for 17.174)
2025-03-09 00:33:45 - Initializing Spring DispatcherServlet 'dispatcherServlet'
2025-03-09 00:33:45 - Initializing Servlet 'dispatcherServlet'
2025-03-09 00:33:45 - Completed initialization in 61 ms
2025-03-09 00:33:45 - Fetching all employees
2025-03-09 00:33:45 - Fetching all employees
2025-03-09 02:13:47 - Commencing graceful shutdown. Waiting for active requests to complete
2025-03-09 02:13:48 - Graceful shutdown complete
2025-03-09 02:13:48 - Closing JPA EntityManagerFactory for persistence unit 'default'
2025-03-09 02:13:48 - HikariPool-1 - Shutdown initiated...
2025-03-09 02:13:48 - HikariPool-1 - Shutdown completed.
2025-03-09 15:43:07 - Starting EmployeePayrollAppApplication using Java 19.0.2 with PID 836 (C:\Users\hnypa\OneDrive\Desktop\Employee Payroll\Employee Payroll Application\Employee-Payroll-Backend\target\classes started by hnypa in C:\Users\hnypa\OneDrive\Desktop\Employee Payroll\Employee Payroll Application\Employee-Payroll-Backend)
2025-03-09 15:43:07 - The following 1 profile is active: "default"
2025-03-09 15:43:07 - Devtools property defaults active! Set 'spring.devtools.add-properties' to 'false' to disable
2025-03-09 15:43:07 - For additional web related logging consider setting the 'logging.level.web' property to 'DEBUG'
2025-03-09 15:43:10 - Bootstrapping Spring Data JPA repositories in DEFAULT mode.
2025-03-09 15:43:11 - Finished Spring Data repository scanning in 219 ms. Found 1 JPA repository interface.
2025-03-09 15:43:14 - Tomcat initialized with port 8080 (http)
2025-03-09 15:43:14 - Starting service [Tomcat]
2025-03-09 15:43:14 - Starting Servlet engine: [Apache Tomcat/10.1.36]
2025-03-09 15:43:14 - Initializing Spring embedded WebApplicationContext
2025-03-09 15:43:14 - Root WebApplicationContext: initialization completed in 6587 ms
2025-03-09 15:43:14 - HHH000204: Processing PersistenceUnitInfo [name: default]
2025-03-09 15:43:14 - HHH000412: Hibernate ORM core version 6.6.8.Final
2025-03-09 15:43:14 - HHH000026: Second-level cache disabled
2025-03-09 15:43:15 - No LoadTimeWeaver setup: ignoring JPA class transformer
2025-03-09 15:43:15 - HikariPool-1 - Starting...
2025-03-09 15:43:16 - HikariPool-1 - Added connection com.mysql.cj.jdbc.ConnectionImpl@7ba01dc4
2025-03-09 15:43:16 - HikariPool-1 - Start completed.
2025-03-09 15:43:16 - HHH90000025: MySQLDialect does not need to be specified explicitly using 'hibernate.dialect' (remove the property setting and it will be selected by default)
2025-03-09 15:43:16 - HHH10001005: Database info:
	Database JDBC URL [Connecting through datasource 'HikariDataSource (HikariPool-1)']
	Database driver: undefined/unknown
	Database version: 9.2
	Autocommit mode: undefined/unknown
	Isolation level: undefined/unknown
	Minimum pool size: undefined/unknown
	Maximum pool size: undefined/unknown
2025-03-09 15:43:18 - HHH000489: No JTA platform available (set 'hibernate.transaction.jta.platform' to enable JTA platform integration)
2025-03-09 15:43:19 - Initialized JPA EntityManagerFactory for persistence unit 'default'
2025-03-09 15:43:20 - spring.jpa.open-in-view is enabled by default. Therefore, database queries may be performed during view rendering. Explicitly configure spring.jpa.open-in-view to disable this warning
2025-03-09 15:43:20 - LiveReload server is running on port 35729
2025-03-09 15:43:20 - Tomcat started on port 8080 (http) with context path '/'
2025-03-09 15:43:20 - Started EmployeePayrollAppApplication in 15.679 seconds (process running for 18.629)
2025-03-09 15:43:32 - Initializing Spring DispatcherServlet 'dispatcherServlet'
2025-03-09 15:43:32 - Initializing Servlet 'dispatcherServlet'
2025-03-09 15:43:32 - Completed initialization in 1 ms
2025-03-09 15:43:32 - Fetching all employees
2025-03-09 15:43:32 - Fetching all employees
2025-03-09 15:43:58 - Resolved [org.springframework.http.converter.HttpMessageNotReadableException: JSON parse error: Cannot deserialize value of type `java.time.LocalDate` from String "2023-01-10": Failed to deserialize java.time.LocalDate: (java.time.format.DateTimeParseException) Text '2023-01-10' could not be parsed at index 2]
2025-03-09 15:44:23 - Resolved [org.springframework.http.converter.HttpMessageNotReadableException: JSON parse error: Cannot deserialize value of type `java.time.LocalDate` from String "10-02-2023": Failed to deserialize java.time.LocalDate: (java.time.format.DateTimeParseException) Text '10-02-2023' could not be parsed at index 2]
2025-03-09 15:44:32 - Resolved [org.springframework.http.converter.HttpMessageNotReadableException: JSON parse error: Cannot deserialize value of type `java.time.LocalDate` from String "10 02 2023": Failed to deserialize java.time.LocalDate: (java.time.format.DateTimeParseException) Text '10 02 2023' could not be parsed at index 3]
2025-03-09 15:45:20 - Commencing graceful shutdown. Waiting for active requests to complete
2025-03-09 15:45:20 - Graceful shutdown complete
2025-03-09 15:45:20 - Closing JPA EntityManagerFactory for persistence unit 'default'
2025-03-09 15:45:20 - HikariPool-1 - Shutdown initiated...
2025-03-09 15:45:20 - HikariPool-1 - Shutdown completed.
2025-03-09 15:47:35 - Starting EmployeePayrollAppApplication using Java 19.0.2 with PID 10012 (C:\Users\hnypa\OneDrive\Desktop\Employee Payroll\Employee Payroll Application\Employee-Payroll-Backend\target\classes started by hnypa in C:\Users\hnypa\OneDrive\Desktop\Employee Payroll\Employee Payroll Application\Employee-Payroll-Backend)
2025-03-09 15:47:35 - The following 1 profile is active: "default"
2025-03-09 15:47:35 - Devtools property defaults active! Set 'spring.devtools.add-properties' to 'false' to disable
2025-03-09 15:47:35 - For additional web related logging consider setting the 'logging.level.web' property to 'DEBUG'
2025-03-09 15:47:37 - Bootstrapping Spring Data JPA repositories in DEFAULT mode.
2025-03-09 15:47:37 - Finished Spring Data repository scanning in 120 ms. Found 1 JPA repository interface.
2025-03-09 15:47:38 - Tomcat initialized with port 8080 (http)
2025-03-09 15:47:38 - Starting service [Tomcat]
2025-03-09 15:47:38 - Starting Servlet engine: [Apache Tomcat/10.1.36]
2025-03-09 15:47:39 - Initializing Spring embedded WebApplicationContext
2025-03-09 15:47:39 - Root WebApplicationContext: initialization completed in 3349 ms
2025-03-09 15:47:39 - HHH000204: Processing PersistenceUnitInfo [name: default]
2025-03-09 15:47:39 - HHH000412: Hibernate ORM core version 6.6.8.Final
2025-03-09 15:47:39 - HHH000026: Second-level cache disabled
2025-03-09 15:47:40 - No LoadTimeWeaver setup: ignoring JPA class transformer
2025-03-09 15:47:40 - HikariPool-1 - Starting...
2025-03-09 15:47:45 - HikariPool-1 - Added connection com.mysql.cj.jdbc.ConnectionImpl@18e98f0b
2025-03-09 15:47:45 - HikariPool-1 - Start completed.
2025-03-09 15:47:45 - HHH90000025: MySQLDialect does not need to be specified explicitly using 'hibernate.dialect' (remove the property setting and it will be selected by default)
2025-03-09 15:47:45 - HHH10001005: Database info:
	Database JDBC URL [Connecting through datasource 'HikariDataSource (HikariPool-1)']
	Database driver: undefined/unknown
	Database version: 9.2
	Autocommit mode: undefined/unknown
	Isolation level: undefined/unknown
	Minimum pool size: undefined/unknown
	Maximum pool size: undefined/unknown
2025-03-09 15:47:47 - HHH000489: No JTA platform available (set 'hibernate.transaction.jta.platform' to enable JTA platform integration)
2025-03-09 15:47:48 - Initialized JPA EntityManagerFactory for persistence unit 'default'
2025-03-09 15:47:49 - spring.jpa.open-in-view is enabled by default. Therefore, database queries may be performed during view rendering. Explicitly configure spring.jpa.open-in-view to disable this warning
2025-03-09 15:47:50 - LiveReload server is running on port 35729
2025-03-09 15:47:50 - Tomcat started on port 8080 (http) with context path '/'
2025-03-09 15:47:50 - Started EmployeePayrollAppApplication in 15.905 seconds (process running for 17.202)
2025-03-09 15:48:08 - Initializing Spring DispatcherServlet 'dispatcherServlet'
2025-03-09 15:48:08 - Initializing Servlet 'dispatcherServlet'
2025-03-09 15:48:08 - Completed initialization in 0 ms
2025-03-09 15:48:08 - Resolved [org.springframework.http.converter.HttpMessageNotReadableException: JSON parse error: Cannot deserialize value of type `java.time.LocalDate` from String "10 02 2023": Failed to deserialize java.time.LocalDate: (java.time.format.DateTimeParseException) Text '10 02 2023' could not be parsed at index 3]
2025-03-09 15:48:14 - Resolved [org.springframework.web.bind.MethodArgumentNotValidException: Validation failed for argument [0] in public com.bridgelabz.employee_payroll_app.model.Employee com.bridgelabz.employee_payroll_app.controller.EmployeeRestController.createEmployee(com.bridgelabz.employee_payroll_app.dto.EmployeeDTO): [Field error in object 'employeeDTO' on field 'name': rejected value [Alice Smith]; codes [Pattern.employeeDTO.name,Pattern.name,Pattern.java.lang.String,Pattern]; arguments [org.springframework.context.support.DefaultMessageSourceResolvable: codes [employeeDTO.name,name]; arguments []; default message [name],[Ljakarta.validation.constraints.Pattern$Flag;@755295e1,^[A-Z][a-zA-Z]*$]; default message [Name must start with a capital letter and contain only alphabets.]] ]
2025-03-09 15:48:27 - Creating employee with name: AliceSmith
2025-03-09 15:48:27 - Created employee with name: AliceSmith
2025-03-09 15:48:35 - Resolved [org.springframework.web.bind.MethodArgumentNotValidException: Validation failed for argument [0] in public com.bridgelabz.employee_payroll_app.model.Employee com.bridgelabz.employee_payroll_app.controller.EmployeeRestController.createEmployee(com.bridgelabz.employee_payroll_app.dto.EmployeeDTO): [Field error in object 'employeeDTO' on field 'name': rejected value [Alice Smith]; codes [Pattern.employeeDTO.name,Pattern.name,Pattern.java.lang.String,Pattern]; arguments [org.springframework.context.support.DefaultMessageSourceResolvable: codes [employeeDTO.name,name]; arguments []; default message [name],[Ljakarta.validation.constraints.Pattern$Flag;@755295e1,^[A-Z][a-zA-Z]*$]; default message [Name must start with a capital letter and contain only alphabets.]] ]
2025-03-09 15:51:00 - Commencing graceful shutdown. Waiting for active requests to complete
2025-03-09 15:51:01 - Graceful shutdown complete
2025-03-09 15:51:01 - Closing JPA EntityManagerFactory for persistence unit 'default'
2025-03-09 15:51:01 - HikariPool-1 - Shutdown initiated...
2025-03-09 15:51:01 - HikariPool-1 - Shutdown completed.
2025-03-09 15:51:41 - Starting EmployeePayrollAppApplication using Java 19.0.2 with PID 13468 (C:\Users\hnypa\OneDrive\Desktop\Employee Payroll\Employee Payroll Application\Employee-Payroll-Backend\target\classes started by hnypa in C:\Users\hnypa\OneDrive\Desktop\Employee Payroll\Employee Payroll Application\Employee-Payroll-Backend)
2025-03-09 15:51:41 - The following 1 profile is active: "default"
2025-03-09 15:51:41 - Devtools property defaults active! Set 'spring.devtools.add-properties' to 'false' to disable
2025-03-09 15:51:41 - For additional web related logging consider setting the 'logging.level.web' property to 'DEBUG'
2025-03-09 15:51:45 - Bootstrapping Spring Data JPA repositories in DEFAULT mode.
2025-03-09 15:51:46 - Finished Spring Data repository scanning in 204 ms. Found 1 JPA repository interface.
2025-03-09 15:51:48 - Tomcat initialized with port 8080 (http)
2025-03-09 15:51:48 - Starting service [Tomcat]
2025-03-09 15:51:48 - Starting Servlet engine: [Apache Tomcat/10.1.36]
2025-03-09 15:51:48 - Initializing Spring embedded WebApplicationContext
2025-03-09 15:51:48 - Root WebApplicationContext: initialization completed in 6239 ms
2025-03-09 15:51:48 - HHH000204: Processing PersistenceUnitInfo [name: default]
2025-03-09 15:51:48 - HHH000412: Hibernate ORM core version 6.6.8.Final
2025-03-09 15:51:48 - HHH000026: Second-level cache disabled
2025-03-09 15:51:49 - No LoadTimeWeaver setup: ignoring JPA class transformer
2025-03-09 15:51:49 - HikariPool-1 - Starting...
2025-03-09 15:51:50 - HikariPool-1 - Added connection com.mysql.cj.jdbc.ConnectionImpl@47091a92
2025-03-09 15:51:50 - HikariPool-1 - Start completed.
2025-03-09 15:51:50 - HHH90000025: MySQLDialect does not need to be specified explicitly using 'hibernate.dialect' (remove the property setting and it will be selected by default)
2025-03-09 15:51:50 - HHH10001005: Database info:
	Database JDBC URL [Connecting through datasource 'HikariDataSource (HikariPool-1)']
	Database driver: undefined/unknown
	Database version: 9.2
	Autocommit mode: undefined/unknown
	Isolation level: undefined/unknown
	Minimum pool size: undefined/unknown
	Maximum pool size: undefined/unknown
2025-03-09 15:51:53 - HHH000489: No JTA platform available (set 'hibernate.transaction.jta.platform' to enable JTA platform integration)
2025-03-09 15:51:53 - Initialized JPA EntityManagerFactory for persistence unit 'default'
2025-03-09 15:51:54 - spring.jpa.open-in-view is enabled by default. Therefore, database queries may be performed during view rendering. Explicitly configure spring.jpa.open-in-view to disable this warning
2025-03-09 15:52:00 - LiveReload server is running on port 35729
2025-03-09 15:52:00 - Tomcat started on port 8080 (http) with context path '/'
2025-03-09 15:52:00 - Started EmployeePayrollAppApplication in 24.604 seconds (process running for 25.85)
2025-03-09 15:52:02 - Initializing Spring DispatcherServlet 'dispatcherServlet'
2025-03-09 15:52:02 - Initializing Servlet 'dispatcherServlet'
2025-03-09 15:52:02 - Completed initialization in 6 ms
2025-03-09 15:52:03 - Creating employee with name: Alice Smith
2025-03-09 15:52:03 - Created employee with name: Alice Smith
2025-03-09 15:52:20 - Creating employee with name: Bob Johnson
2025-03-09 15:52:20 - Created employee with name: Bob Johnson
2025-03-09 15:52:27 - Creating employee with name: Charlie Brown
2025-03-09 15:52:27 - Created employee with name: Charlie Brown
2025-03-09 15:52:57 - Fetching all employees
2025-03-09 15:52:57 - Fetching all employees
2025-03-09 15:53:41 - Fetching employee with ID: 2
2025-03-09 15:53:41 - Fetching employee with ID: 2
2025-03-09 15:53:51 - Resolved [org.springframework.web.method.annotation.MethodArgumentTypeMismatchException: Method parameter 'id': Failed to convert value of type 'java.lang.String' to required type 'java.lang.Long'; For input string: "Alice"]
2025-03-09 15:54:11 - Fetching employees from department: hr
2025-03-09 15:54:11 - Fetching employees from department: hr
2025-03-09 15:54:23 - Fetching employees with name: alice
2025-03-09 15:54:23 - Fetching employees with name: alice
2025-03-09 15:54:40 - Resolved [org.springframework.web.HttpRequestMethodNotSupportedException: Request method 'GET' is not supported]
2025-03-09 15:54:57 - Resolved [org.springframework.web.HttpRequestMethodNotSupportedException: Request method 'GET' is not supported]
2025-03-09 15:55:15 - Resolved [org.springframework.web.HttpRequestMethodNotSupportedException: Request method 'GET' is not supported]
2025-03-09 15:55:26 - Updating employee with ID: 2
2025-03-09 15:55:26 - Fetching employee with ID: 2
2025-03-09 15:55:26 - Updated employee with ID: 2
2025-03-09 15:55:34 - Fetching all employees
2025-03-09 15:55:34 - Fetching all employees
2025-03-09 15:55:44 - Deleting employee with ID: 1
2025-03-09 15:55:44 - Fetching employee with ID: 1
2025-03-09 15:55:44 - Deleted employee with ID: 1
2025-03-09 15:55:50 - Fetching all employees
2025-03-09 15:55:50 - Fetching all employees
2025-03-09 16:54:02 - Fetching all employees
2025-03-09 16:54:02 - Fetching all employees
2025-03-09 17:07:44 - Commencing graceful shutdown. Waiting for active requests to complete
2025-03-09 17:07:44 - Graceful shutdown complete
2025-03-09 17:07:44 - Closing JPA EntityManagerFactory for persistence unit 'default'
2025-03-09 17:07:44 - HikariPool-1 - Shutdown initiated...
2025-03-09 17:07:44 - HikariPool-1 - Shutdown completed.
2025-03-09 17:08:12 - Starting EmployeePayrollAppApplication using Java 19.0.2 with PID 24384 (C:\Users\hnypa\OneDrive\Desktop\Employee Payroll\Employee Payroll Application\Employee-Payroll-Backend\target\classes started by hnypa in C:\Users\hnypa\OneDrive\Desktop\Employee Payroll\Employee Payroll Application\Employee-Payroll-Backend)
2025-03-09 17:08:12 - The following 1 profile is active: "default"
2025-03-09 17:08:12 - Devtools property defaults active! Set 'spring.devtools.add-properties' to 'false' to disable
2025-03-09 17:08:12 - For additional web related logging consider setting the 'logging.level.web' property to 'DEBUG'
2025-03-09 17:08:14 - Bootstrapping Spring Data JPA repositories in DEFAULT mode.
2025-03-09 17:08:14 - Finished Spring Data repository scanning in 86 ms. Found 1 JPA repository interface.
2025-03-09 17:08:15 - Tomcat initialized with port 8080 (http)
2025-03-09 17:08:15 - Starting service [Tomcat]
2025-03-09 17:08:15 - Starting Servlet engine: [Apache Tomcat/10.1.36]
2025-03-09 17:08:15 - Initializing Spring embedded WebApplicationContext
2025-03-09 17:08:15 - Root WebApplicationContext: initialization completed in 3249 ms
2025-03-09 17:08:16 - HHH000204: Processing PersistenceUnitInfo [name: default]
2025-03-09 17:08:16 - HHH000412: Hibernate ORM core version 6.6.8.Final
2025-03-09 17:08:16 - HHH000026: Second-level cache disabled
2025-03-09 17:08:17 - No LoadTimeWeaver setup: ignoring JPA class transformer
2025-03-09 17:08:17 - HikariPool-1 - Starting...
2025-03-09 17:08:18 - HikariPool-1 - Added connection com.mysql.cj.jdbc.ConnectionImpl@68310812
2025-03-09 17:08:18 - HikariPool-1 - Start completed.
2025-03-09 17:08:18 - HHH90000025: MySQLDialect does not need to be specified explicitly using 'hibernate.dialect' (remove the property setting and it will be selected by default)
2025-03-09 17:08:18 - HHH10001005: Database info:
	Database JDBC URL [Connecting through datasource 'HikariDataSource (HikariPool-1)']
	Database driver: undefined/unknown
	Database version: 9.2
	Autocommit mode: undefined/unknown
	Isolation level: undefined/unknown
	Minimum pool size: undefined/unknown
	Maximum pool size: undefined/unknown
2025-03-09 17:08:28 - HHH000489: No JTA platform available (set 'hibernate.transaction.jta.platform' to enable JTA platform integration)
2025-03-09 17:08:29 - Initialized JPA EntityManagerFactory for persistence unit 'default'
2025-03-09 17:08:29 - spring.jpa.open-in-view is enabled by default. Therefore, database queries may be performed during view rendering. Explicitly configure spring.jpa.open-in-view to disable this warning
2025-03-09 17:08:30 - LiveReload server is running on port 35729
2025-03-09 17:08:30 - Tomcat started on port 8080 (http) with context path '/'
2025-03-09 17:08:30 - Started EmployeePayrollAppApplication in 19.249 seconds (process running for 20.331)
2025-03-09 17:16:19 - Initializing Spring DispatcherServlet 'dispatcherServlet'
2025-03-09 17:16:19 - Initializing Servlet 'dispatcherServlet'
2025-03-09 17:16:19 - Completed initialization in 233 ms
2025-03-09 17:16:20 - Fetching all employees
2025-03-09 17:16:20 - Fetching all employees
2025-03-09 17:28:34 - Fetching all employees
2025-03-09 17:28:34 - Fetching all employees
2025-03-09 17:28:38 - Fetching all employees
2025-03-09 17:28:38 - Fetching all employees
2025-03-09 17:28:51 - Fetching all employees
2025-03-09 17:28:51 - Fetching all employees
2025-03-09 17:28:52 - Fetching all employees
2025-03-09 17:28:52 - Fetching all employees
2025-03-09 17:28:59 - Resolved [org.springframework.http.converter.HttpMessageNotReadableException: JSON parse error: Cannot deserialize value of type `java.time.LocalDate` from String "5 March 2022": Failed to deserialize java.time.LocalDate: (java.time.format.DateTimeParseException) Text '5 March 2022' could not be parsed at index 0]
2025-03-09 17:28:59 - Fetching all employees
2025-03-09 17:28:59 - Fetching all employees
2025-03-09 17:32:12 - Fetching all employees
2025-03-09 17:32:12 - Fetching all employees
2025-03-09 17:32:12 - Fetching all employees
2025-03-09 17:32:12 - Fetching all employees
2025-03-09 17:32:16 - Fetching all employees
2025-03-09 17:32:16 - Fetching all employees
2025-03-09 17:32:17 - Fetching all employees
2025-03-09 17:32:17 - Fetching all employees
2025-03-09 17:32:20 - Resolved [org.springframework.http.converter.HttpMessageNotReadableException: JSON parse error: Cannot deserialize value of type `java.time.LocalDate` from String "5 March 2022": Failed to deserialize java.time.LocalDate: (java.time.format.DateTimeParseException) Text '5 March 2022' could not be parsed at index 0]
2025-03-09 17:32:20 - Fetching all employees
2025-03-09 17:32:20 - Fetching all employees
2025-03-09 17:33:19 - Resolved [org.springframework.http.converter.HttpMessageNotReadableException: JSON parse error: Cannot deserialize value of type `java.time.LocalDate` from String "19 December 1988": Failed to deserialize java.time.LocalDate: (java.time.format.DateTimeParseException) Text '19 December 1988' could not be parsed at index 6]
2025-03-09 17:33:19 - Fetching all employees
2025-03-09 17:33:19 - Fetching all employees
2025-03-09 17:33:33 - Resolved [org.springframework.http.converter.HttpMessageNotReadableException: JSON parse error: Cannot deserialize value of type `java.time.LocalDate` from String "19 December 1988": Failed to deserialize java.time.LocalDate: (java.time.format.DateTimeParseException) Text '19 December 1988' could not be parsed at index 6]
2025-03-09 17:33:33 - Fetching all employees
2025-03-09 17:33:33 - Fetching all employees
2025-03-09 17:33:36 - Fetching all employees
2025-03-09 17:33:36 - Fetching all employees
2025-03-09 17:33:37 - Fetching all employees
2025-03-09 17:33:37 - Fetching all employees
2025-03-09 17:33:45 - Fetching all employees
2025-03-09 17:33:45 - Fetching all employees
2025-03-09 17:33:52 - Deleting employee with ID: 2
2025-03-09 17:33:52 - Fetching employee with ID: 2
2025-03-09 17:33:52 - Deleted employee with ID: 2
2025-03-09 17:33:52 - Fetching all employees
2025-03-09 17:33:52 - Fetching all employees
2025-03-09 17:33:55 - Fetching all employees
2025-03-09 17:33:55 - Fetching all employees
2025-03-09 17:35:12 - Fetching all employees
2025-03-09 17:35:12 - Fetching all employees
2025-03-09 17:35:12 - Fetching all employees
2025-03-09 17:35:12 - Fetching all employees
2025-03-09 17:35:30 - Resolved [org.springframework.http.converter.HttpMessageNotReadableException: JSON parse error: Cannot deserialize value of type `java.time.LocalDate` from String "15 February 1989": Failed to deserialize java.time.LocalDate: (java.time.format.DateTimeParseException) Text '15 February 1989' could not be parsed at index 6]
2025-03-09 17:35:30 - Fetching all employees
2025-03-09 17:35:30 - Fetching all employees
2025-03-09 17:35:48 - Resolved [org.springframework.http.converter.HttpMessageNotReadableException: JSON parse error: Cannot deserialize value of type `java.time.LocalDate` from String "1 January 1970": Failed to deserialize java.time.LocalDate: (java.time.format.DateTimeParseException) Text '1 January 1970' could not be parsed at index 0]
2025-03-09 17:35:48 - Fetching all employees
2025-03-09 17:35:48 - Fetching all employees
2025-03-09 17:41:47 - Fetching all employees
2025-03-09 17:41:47 - Fetching all employees
2025-03-09 17:41:47 - Fetching all employees
2025-03-09 17:41:47 - Fetching all employees
2025-03-09 17:42:34 - Fetching all employees
2025-03-09 17:42:34 - Fetching all employees
2025-03-09 17:42:34 - Fetching all employees
2025-03-09 17:42:34 - Fetching all employees
2025-03-09 17:43:56 - Commencing graceful shutdown. Waiting for active requests to complete
2025-03-09 17:43:57 - Graceful shutdown complete
2025-03-09 17:43:57 - Closing JPA EntityManagerFactory for persistence unit 'default'
2025-03-09 17:43:57 - HikariPool-1 - Shutdown initiated...
2025-03-09 17:43:57 - HikariPool-1 - Shutdown completed.
2025-03-09 17:45:20 - Starting EmployeePayrollAppApplication using Java 19.0.2 with PID 22576 (C:\Users\hnypa\OneDrive\Desktop\Employee Payroll\Employee Payroll Application\Employee-Payroll-Backend\target\classes started by hnypa in C:\Users\hnypa\OneDrive\Desktop\Employee Payroll\Employee Payroll Application\Employee-Payroll-Backend)
2025-03-09 17:45:20 - The following 1 profile is active: "default"
2025-03-09 17:45:20 - Devtools property defaults active! Set 'spring.devtools.add-properties' to 'false' to disable
2025-03-09 17:45:20 - For additional web related logging consider setting the 'logging.level.web' property to 'DEBUG'
2025-03-09 17:45:22 - Bootstrapping Spring Data JPA repositories in DEFAULT mode.
2025-03-09 17:45:22 - Finished Spring Data repository scanning in 245 ms. Found 1 JPA repository interface.
2025-03-09 17:45:25 - Tomcat initialized with port 8080 (http)
2025-03-09 17:45:25 - Starting service [Tomcat]
2025-03-09 17:45:25 - Starting Servlet engine: [Apache Tomcat/10.1.36]
2025-03-09 17:45:25 - Initializing Spring embedded WebApplicationContext
2025-03-09 17:45:25 - Root WebApplicationContext: initialization completed in 4949 ms
2025-03-09 17:45:25 - HHH000204: Processing PersistenceUnitInfo [name: default]
2025-03-09 17:45:25 - HHH000412: Hibernate ORM core version 6.6.8.Final
2025-03-09 17:45:26 - HHH000026: Second-level cache disabled
2025-03-09 17:45:26 - No LoadTimeWeaver setup: ignoring JPA class transformer
2025-03-09 17:45:26 - HikariPool-1 - Starting...
2025-03-09 17:45:27 - HikariPool-1 - Added connection com.mysql.cj.jdbc.ConnectionImpl@b97ad0f
2025-03-09 17:45:27 - HikariPool-1 - Start completed.
2025-03-09 17:45:27 - HHH90000025: MySQLDialect does not need to be specified explicitly using 'hibernate.dialect' (remove the property setting and it will be selected by default)
2025-03-09 17:45:27 - HHH10001005: Database info:
	Database JDBC URL [Connecting through datasource 'HikariDataSource (HikariPool-1)']
	Database driver: undefined/unknown
	Database version: 9.2
	Autocommit mode: undefined/unknown
	Isolation level: undefined/unknown
	Minimum pool size: undefined/unknown
	Maximum pool size: undefined/unknown
2025-03-09 17:45:29 - HHH000489: No JTA platform available (set 'hibernate.transaction.jta.platform' to enable JTA platform integration)
2025-03-09 17:45:29 - Initialized JPA EntityManagerFactory for persistence unit 'default'
2025-03-09 17:45:30 - spring.jpa.open-in-view is enabled by default. Therefore, database queries may be performed during view rendering. Explicitly configure spring.jpa.open-in-view to disable this warning
2025-03-09 17:45:31 - LiveReload server is running on port 35729
2025-03-09 17:45:31 - Tomcat started on port 8080 (http) with context path '/'
2025-03-09 17:45:31 - Started EmployeePayrollAppApplication in 12.21 seconds (process running for 13.398)
2025-03-09 17:46:03 - Initializing Spring DispatcherServlet 'dispatcherServlet'
2025-03-09 17:46:03 - Initializing Servlet 'dispatcherServlet'
2025-03-09 17:46:03 - Completed initialization in 4 ms
2025-03-09 17:46:03 - Created employee with name: John Doe
2025-03-09 17:46:21 - Created employee with name: John Doe
2025-03-09 17:46:43 - Fetching all employees
2025-03-09 17:46:43 - Fetching all employees
2025-03-09 17:47:08 - Fetching all employees
2025-03-09 17:47:08 - Fetching all employees
2025-03-09 17:47:27 - Fetching employee with ID: 5
2025-03-09 17:47:27 - Updated employee with ID: 5
2025-03-09 17:47:36 - Fetching all employees
2025-03-09 17:47:36 - Fetching all employees
2025-03-09 17:47:47 - Fetching all employees
2025-03-09 17:47:47 - Fetching all employees
2025-03-09 17:47:47 - Fetching all employees
2025-03-09 17:47:47 - Fetching all employees
2025-03-09 17:48:03 - Resolved [org.springframework.http.converter.HttpMessageNotReadableException: JSON parse error: Cannot deserialize value of type `java.time.LocalDate` from String "19 January 1988": Failed to deserialize java.time.LocalDate: (java.time.format.DateTimeParseException) Text '19 January 1988' could not be parsed at index 6]
2025-03-09 17:49:03 - Fetching all employees
2025-03-09 17:49:03 - Fetching all employees
2025-03-09 17:49:03 - Fetching all employees
2025-03-09 17:49:03 - Fetching all employees
2025-03-09 17:49:30 - Resolved [org.springframework.http.converter.HttpMessageNotReadableException: JSON parse error: Cannot deserialize value of type `java.time.LocalDate` from String "10 January 1986": Failed to deserialize java.time.LocalDate: (java.time.format.DateTimeParseException) Text '10 January 1986' could not be parsed at index 6]
2025-03-09 17:49:39 - Resolved [org.springframework.http.converter.HttpMessageNotReadableException: JSON parse error: Cannot deserialize value of type `java.time.LocalDate` from String "1 January 1970": Failed to deserialize java.time.LocalDate: (java.time.format.DateTimeParseException) Text '1 January 1970' could not be parsed at index 0]
2025-03-09 17:50:15 - Fetching all employees
2025-03-09 17:50:15 - Fetching all employees
2025-03-09 17:50:16 - Fetching all employees
2025-03-09 17:50:16 - Fetching all employees
2025-03-09 17:51:33 - Resolved [org.springframework.http.converter.HttpMessageNotReadableException: JSON parse error: Cannot deserialize value of type `java.time.LocalDate` from String "10 January 1986": Failed to deserialize java.time.LocalDate: (java.time.format.DateTimeParseException) Text '10 January 1986' could not be parsed at index 6]
2025-03-09 17:54:07 - Fetching all employees
2025-03-09 17:54:07 - Fetching all employees
2025-03-09 17:54:08 - Fetching all employees
2025-03-09 17:54:08 - Fetching all employees
2025-03-09 17:54:17 - Resolved [org.springframework.http.converter.HttpMessageNotReadableException: JSON parse error: Cannot deserialize value of type `java.time.LocalDate` from String "1988-01-09": Failed to deserialize java.time.LocalDate: (java.time.format.DateTimeParseException) Text '1988-01-09' could not be parsed at index 2]
2025-03-09 17:54:53 - Resolved [org.springframework.http.converter.HttpMessageNotReadableException: JSON parse error: Cannot deserialize value of type `java.time.LocalDate` from String "2014-01-09": Failed to deserialize java.time.LocalDate: (java.time.format.DateTimeParseException) Text '2014-01-09' could not be parsed at index 2]
2025-03-09 18:10:30 - Commencing graceful shutdown. Waiting for active requests to complete
2025-03-09 18:10:31 - Graceful shutdown complete
2025-03-09 18:10:31 - Closing JPA EntityManagerFactory for persistence unit 'default'
2025-03-09 18:10:31 - HikariPool-1 - Shutdown initiated...
2025-03-09 18:10:32 - HikariPool-1 - Shutdown completed.
2025-03-09 18:12:02 - Starting EmployeePayrollAppApplication using Java 19.0.2 with PID 8420 (C:\Users\hnypa\OneDrive\Desktop\Employee Payroll\Employee Payroll Application\Employee-Payroll-Backend\target\classes started by hnypa in C:\Users\hnypa\OneDrive\Desktop\Employee Payroll\Employee Payroll Application\Employee-Payroll-Backend)
2025-03-09 18:12:02 - The following 1 profile is active: "default"
2025-03-09 18:12:02 - Devtools property defaults active! Set 'spring.devtools.add-properties' to 'false' to disable
2025-03-09 18:12:02 - For additional web related logging consider setting the 'logging.level.web' property to 'DEBUG'
2025-03-09 18:12:05 - Bootstrapping Spring Data JPA repositories in DEFAULT mode.
2025-03-09 18:12:05 - Finished Spring Data repository scanning in 259 ms. Found 1 JPA repository interface.
2025-03-09 18:12:09 - Tomcat initialized with port 8080 (http)
2025-03-09 18:12:09 - Starting service [Tomcat]
2025-03-09 18:12:09 - Starting Servlet engine: [Apache Tomcat/10.1.36]
2025-03-09 18:12:11 - Initializing Spring embedded WebApplicationContext
2025-03-09 18:12:11 - Root WebApplicationContext: initialization completed in 8301 ms
2025-03-09 18:12:13 - HHH000204: Processing PersistenceUnitInfo [name: default]
2025-03-09 18:12:14 - HHH000412: Hibernate ORM core version 6.6.8.Final
2025-03-09 18:12:14 - HHH000026: Second-level cache disabled
2025-03-09 18:12:15 - No LoadTimeWeaver setup: ignoring JPA class transformer
2025-03-09 18:12:16 - HikariPool-1 - Starting...
2025-03-09 18:12:17 - HikariPool-1 - Added connection com.mysql.cj.jdbc.ConnectionImpl@48feed53
2025-03-09 18:12:17 - HikariPool-1 - Start completed.
2025-03-09 18:12:17 - HHH90000025: MySQLDialect does not need to be specified explicitly using 'hibernate.dialect' (remove the property setting and it will be selected by default)
2025-03-09 18:12:17 - HHH10001005: Database info:
	Database JDBC URL [Connecting through datasource 'HikariDataSource (HikariPool-1)']
	Database driver: undefined/unknown
	Database version: 9.2
	Autocommit mode: undefined/unknown
	Isolation level: undefined/unknown
	Minimum pool size: undefined/unknown
	Maximum pool size: undefined/unknown
2025-03-09 18:12:19 - HHH000489: No JTA platform available (set 'hibernate.transaction.jta.platform' to enable JTA platform integration)
2025-03-09 18:12:20 - Initialized JPA EntityManagerFactory for persistence unit 'default'
2025-03-09 18:12:21 - spring.jpa.open-in-view is enabled by default. Therefore, database queries may be performed during view rendering. Explicitly configure spring.jpa.open-in-view to disable this warning
2025-03-09 18:12:22 - LiveReload server is running on port 35729
2025-03-09 18:12:22 - Tomcat started on port 8080 (http) with context path '/'
2025-03-09 18:12:22 - Started EmployeePayrollAppApplication in 21.018 seconds (process running for 22.586)
2025-03-09 18:14:08 - Initializing Spring DispatcherServlet 'dispatcherServlet'
2025-03-09 18:14:08 - Initializing Servlet 'dispatcherServlet'
2025-03-09 18:14:08 - Completed initialization in 27 ms
2025-03-09 18:14:08 - Fetching all employees
2025-03-09 18:14:08 - Fetching all employees
2025-03-09 18:14:13 - Fetching all employees
2025-03-09 18:14:13 - Fetching all employees
2025-03-09 18:14:31 - Fetching employee with ID: 5
2025-03-09 18:14:31 - Updated employee with ID: 5
2025-03-09 18:14:31 - Fetching all employees
2025-03-09 18:14:31 - Fetching all employees
2025-03-09 18:14:45 - Fetching employee with ID: 6
2025-03-09 18:14:45 - Updated employee with ID: 6
2025-03-09 18:14:45 - Fetching all employees
2025-03-09 18:14:45 - Fetching all employees
2025-03-09 18:15:07 - Created employee with name: Divit
2025-03-09 18:15:07 - Fetching all employees
2025-03-09 18:15:07 - Fetching all employees
2025-03-09 18:15:12 - Fetching all employees
2025-03-09 18:15:12 - Fetching all employees
2025-03-09 18:15:13 - Fetching all employees
2025-03-09 18:15:13 - Fetching all employees
2025-03-09 18:15:30 - Fetching all employees
2025-03-09 18:15:30 - Fetching all employees
2025-03-09 18:16:07 - Commencing graceful shutdown. Waiting for active requests to complete
2025-03-09 18:16:07 - Graceful shutdown complete
2025-03-09 18:16:07 - Closing JPA EntityManagerFactory for persistence unit 'default'
2025-03-09 18:16:07 - HikariPool-1 - Shutdown initiated...
2025-03-09 18:16:07 - HikariPool-1 - Shutdown completed.
2025-03-09 18:16:30 - Starting EmployeePayrollAppApplication using Java 19.0.2 with PID 24256 (C:\Users\hnypa\OneDrive\Desktop\Employee Payroll\Employee Payroll Application\Employee-Payroll-Backend\target\classes started by hnypa in C:\Users\hnypa\OneDrive\Desktop\Employee Payroll\Employee Payroll Application\Employee-Payroll-Backend)
2025-03-09 18:16:30 - The following 1 profile is active: "default"
2025-03-09 18:16:33 - Devtools property defaults active! Set 'spring.devtools.add-properties' to 'false' to disable
2025-03-09 18:16:33 - For additional web related logging consider setting the 'logging.level.web' property to 'DEBUG'
2025-03-09 18:16:34 - Bootstrapping Spring Data JPA repositories in DEFAULT mode.
2025-03-09 18:16:35 - Finished Spring Data repository scanning in 151 ms. Found 1 JPA repository interface.
2025-03-09 18:16:37 - Tomcat initialized with port 8080 (http)
2025-03-09 18:16:37 - Starting service [Tomcat]
2025-03-09 18:16:37 - Starting Servlet engine: [Apache Tomcat/10.1.36]
2025-03-09 18:16:37 - Initializing Spring embedded WebApplicationContext
2025-03-09 18:16:37 - Root WebApplicationContext: initialization completed in 4134 ms
2025-03-09 18:16:37 - HHH000204: Processing PersistenceUnitInfo [name: default]
2025-03-09 18:16:37 - HHH000412: Hibernate ORM core version 6.6.8.Final
2025-03-09 18:16:37 - HHH000026: Second-level cache disabled
2025-03-09 18:16:38 - No LoadTimeWeaver setup: ignoring JPA class transformer
2025-03-09 18:16:38 - HikariPool-1 - Starting...
2025-03-09 18:16:39 - HikariPool-1 - Added connection com.mysql.cj.jdbc.ConnectionImpl@5cfe173c
2025-03-09 18:16:39 - HikariPool-1 - Start completed.
2025-03-09 18:16:39 - HHH90000025: MySQLDialect does not need to be specified explicitly using 'hibernate.dialect' (remove the property setting and it will be selected by default)
2025-03-09 18:16:39 - HHH10001005: Database info:
	Database JDBC URL [Connecting through datasource 'HikariDataSource (HikariPool-1)']
	Database driver: undefined/unknown
	Database version: 9.2
	Autocommit mode: undefined/unknown
	Isolation level: undefined/unknown
	Minimum pool size: undefined/unknown
	Maximum pool size: undefined/unknown
2025-03-09 18:16:45 - HHH000489: No JTA platform available (set 'hibernate.transaction.jta.platform' to enable JTA platform integration)
2025-03-09 18:16:46 - Initialized JPA EntityManagerFactory for persistence unit 'default'
2025-03-09 18:16:47 - spring.jpa.open-in-view is enabled by default. Therefore, database queries may be performed during view rendering. Explicitly configure spring.jpa.open-in-view to disable this warning
2025-03-09 18:16:47 - LiveReload server is running on port 35729
2025-03-09 18:16:47 - Tomcat started on port 8080 (http) with context path '/'
2025-03-09 18:16:47 - Started EmployeePayrollAppApplication in 20.991 seconds (process running for 22.162)
2025-03-09 18:17:15 - Initializing Spring DispatcherServlet 'dispatcherServlet'
2025-03-09 18:17:15 - Initializing Servlet 'dispatcherServlet'
2025-03-09 18:17:15 - Completed initialization in 2 ms
2025-03-09 18:17:15 - Fetching all employees
2025-03-09 18:17:15 - Fetching all employees
2025-03-09 18:17:18 - Fetching all employees
2025-03-09 18:17:18 - Fetching all employees
2025-03-09 18:17:33 - Updating employee with ID: 4
2025-03-09 18:17:33 - Fetching employee with ID: 4
2025-03-09 18:17:33 - Updated employee with ID: 4
2025-03-09 18:17:33 - Fetching all employees
2025-03-09 18:17:33 - Fetching all employees
2025-03-09 18:18:15 - Resolved [org.springframework.web.bind.MethodArgumentNotValidException: Validation failed for argument [0] in public com.bridgelabz.employee_payroll_app.model.Employee com.bridgelabz.employee_payroll_app.controller.EmployeeRestController.createEmployee(com.bridgelabz.employee_payroll_app.dto.EmployeeDTO): [Field error in object 'employeeDTO' on field 'note': rejected value []; codes [NotBlank.employeeDTO.note,NotBlank.note,NotBlank.java.lang.String,NotBlank]; arguments [org.springframework.context.support.DefaultMessageSourceResolvable: codes [employeeDTO.note,note]; arguments []; default message [note]]; default message [Note cannot be blank.]] ]
2025-03-09 18:18:31 - Fetching all employees
2025-03-09 18:18:31 - Fetching all employees
2025-03-09 18:18:48 - Resolved [org.springframework.web.bind.MethodArgumentNotValidException: Validation failed for argument [0] in public com.bridgelabz.employee_payroll_app.model.Employee com.bridgelabz.employee_payroll_app.controller.EmployeeRestController.createEmployee(com.bridgelabz.employee_payroll_app.dto.EmployeeDTO): [Field error in object 'employeeDTO' on field 'note': rejected value []; codes [NotBlank.employeeDTO.note,NotBlank.note,NotBlank.java.lang.String,NotBlank]; arguments [org.springframework.context.support.DefaultMessageSourceResolvable: codes [employeeDTO.note,note]; arguments []; default message [note]]; default message [Note cannot be blank.]] ]
2025-03-09 18:18:53 - Commencing graceful shutdown. Waiting for active requests to complete
2025-03-09 18:18:53 - Graceful shutdown complete
2025-03-09 18:18:53 - Closing JPA EntityManagerFactory for persistence unit 'default'
2025-03-09 18:18:53 - HikariPool-1 - Shutdown initiated...
2025-03-09 18:18:53 - HikariPool-1 - Shutdown completed.
2025-03-09 18:19:13 - Starting EmployeePayrollAppApplication using Java 19.0.2 with PID 22292 (C:\Users\hnypa\OneDrive\Desktop\Employee Payroll\Employee Payroll Application\Employee-Payroll-Backend\target\classes started by hnypa in C:\Users\hnypa\OneDrive\Desktop\Employee Payroll\Employee Payroll Application\Employee-Payroll-Backend)
2025-03-09 18:19:13 - The following 1 profile is active: "default"
2025-03-09 18:19:14 - Devtools property defaults active! Set 'spring.devtools.add-properties' to 'false' to disable
2025-03-09 18:19:14 - For additional web related logging consider setting the 'logging.level.web' property to 'DEBUG'
2025-03-09 18:19:15 - Bootstrapping Spring Data JPA repositories in DEFAULT mode.
2025-03-09 18:19:16 - Finished Spring Data repository scanning in 159 ms. Found 1 JPA repository interface.
2025-03-09 18:19:17 - Tomcat initialized with port 8080 (http)
2025-03-09 18:19:18 - Starting service [Tomcat]
2025-03-09 18:19:18 - Starting Servlet engine: [Apache Tomcat/10.1.36]
2025-03-09 18:19:18 - Initializing Spring embedded WebApplicationContext
2025-03-09 18:19:18 - Root WebApplicationContext: initialization completed in 4080 ms
2025-03-09 18:19:18 - HHH000204: Processing PersistenceUnitInfo [name: default]
2025-03-09 18:19:18 - HHH000412: Hibernate ORM core version 6.6.8.Final
2025-03-09 18:19:18 - HHH000026: Second-level cache disabled
2025-03-09 18:19:19 - No LoadTimeWeaver setup: ignoring JPA class transformer
2025-03-09 18:19:19 - HikariPool-1 - Starting...
2025-03-09 18:19:20 - HikariPool-1 - Added connection com.mysql.cj.jdbc.ConnectionImpl@3b902abe
2025-03-09 18:19:20 - HikariPool-1 - Start completed.
2025-03-09 18:19:20 - HHH90000025: MySQLDialect does not need to be specified explicitly using 'hibernate.dialect' (remove the property setting and it will be selected by default)
2025-03-09 18:19:20 - HHH10001005: Database info:
	Database JDBC URL [Connecting through datasource 'HikariDataSource (HikariPool-1)']
	Database driver: undefined/unknown
	Database version: 9.2
	Autocommit mode: undefined/unknown
	Isolation level: undefined/unknown
	Minimum pool size: undefined/unknown
	Maximum pool size: undefined/unknown
2025-03-09 18:19:23 - HHH000489: No JTA platform available (set 'hibernate.transaction.jta.platform' to enable JTA platform integration)
2025-03-09 18:19:23 - Initialized JPA EntityManagerFactory for persistence unit 'default'
2025-03-09 18:19:24 - spring.jpa.open-in-view is enabled by default. Therefore, database queries may be performed during view rendering. Explicitly configure spring.jpa.open-in-view to disable this warning
2025-03-09 18:19:25 - LiveReload server is running on port 35729
2025-03-09 18:19:25 - Tomcat started on port 8080 (http) with context path '/'
2025-03-09 18:19:25 - Started EmployeePayrollAppApplication in 13.065 seconds (process running for 14.237)
2025-03-09 18:19:28 - Initializing Spring DispatcherServlet 'dispatcherServlet'
2025-03-09 18:19:28 - Initializing Servlet 'dispatcherServlet'
2025-03-09 18:19:28 - Completed initialization in 1 ms
2025-03-09 18:19:28 - Fetching all employees
2025-03-09 18:19:28 - Fetching all employees
2025-03-09 18:19:28 - Fetching all employees
2025-03-09 18:19:28 - Fetching all employees
2025-03-09 18:19:39 - Created employee with name: Divit Singh
2025-03-09 18:19:39 - Fetching all employees
2025-03-09 18:19:39 - Fetching all employees
2025-03-09 18:19:53 - Deleting employee with ID: 7
2025-03-09 18:19:53 - Fetching employee with ID: 7
2025-03-09 18:19:53 - Deleted employee with ID: 7
2025-03-09 18:19:54 - Fetching all employees
2025-03-09 18:19:54 - Fetching all employees
2025-03-09 18:20:21 - Commencing graceful shutdown. Waiting for active requests to complete
2025-03-09 18:20:21 - Graceful shutdown complete
2025-03-09 18:20:21 - Closing JPA EntityManagerFactory for persistence unit 'default'
2025-03-09 18:20:21 - HikariPool-1 - Shutdown initiated...
2025-03-09 18:20:21 - HikariPool-1 - Shutdown completed.
2025-03-09 21:01:02 - Starting EmployeePayrollAppApplication using Java 19.0.2 with PID 20392 (C:\Users\hnypa\OneDrive\Desktop\Employee Payroll\Employee Payroll Application\Employee-Payroll-Backend\target\classes started by hnypa in C:\Users\hnypa\OneDrive\Desktop\Employee Payroll\Employee Payroll Application\Employee-Payroll-Backend)
2025-03-09 21:01:02 - The following 1 profile is active: "default"
2025-03-09 21:01:02 - Devtools property defaults active! Set 'spring.devtools.add-properties' to 'false' to disable
2025-03-09 21:01:02 - For additional web related logging consider setting the 'logging.level.web' property to 'DEBUG'
2025-03-09 21:01:04 - Bootstrapping Spring Data JPA repositories in DEFAULT mode.
2025-03-09 21:01:04 - Finished Spring Data repository scanning in 115 ms. Found 1 JPA repository interface.
2025-03-09 21:01:06 - Tomcat initialized with port 8080 (http)
2025-03-09 21:01:06 - Starting service [Tomcat]
2025-03-09 21:01:06 - Starting Servlet engine: [Apache Tomcat/10.1.36]
2025-03-09 21:01:06 - Initializing Spring embedded WebApplicationContext
2025-03-09 21:01:06 - Root WebApplicationContext: initialization completed in 3849 ms
2025-03-09 21:01:06 - HHH000204: Processing PersistenceUnitInfo [name: default]
2025-03-09 21:01:06 - HHH000412: Hibernate ORM core version 6.6.8.Final
2025-03-09 21:01:07 - HHH000026: Second-level cache disabled
2025-03-09 21:01:07 - No LoadTimeWeaver setup: ignoring JPA class transformer
2025-03-09 21:01:07 - HikariPool-1 - Starting...
2025-03-09 21:01:08 - HikariPool-1 - Added connection com.mysql.cj.jdbc.ConnectionImpl@15c1b783
2025-03-09 21:01:08 - HikariPool-1 - Start completed.
2025-03-09 21:01:08 - HHH90000025: MySQLDialect does not need to be specified explicitly using 'hibernate.dialect' (remove the property setting and it will be selected by default)
2025-03-09 21:01:08 - HHH10001005: Database info:
	Database JDBC URL [Connecting through datasource 'HikariDataSource (HikariPool-1)']
	Database driver: undefined/unknown
	Database version: 9.2
	Autocommit mode: undefined/unknown
	Isolation level: undefined/unknown
	Minimum pool size: undefined/unknown
	Maximum pool size: undefined/unknown
2025-03-09 21:01:10 - HHH000489: No JTA platform available (set 'hibernate.transaction.jta.platform' to enable JTA platform integration)
2025-03-09 21:01:11 - Initialized JPA EntityManagerFactory for persistence unit 'default'
2025-03-09 21:01:11 - spring.jpa.open-in-view is enabled by default. Therefore, database queries may be performed during view rendering. Explicitly configure spring.jpa.open-in-view to disable this warning
2025-03-09 21:01:12 - LiveReload server is running on port 35729
2025-03-09 21:01:12 - Tomcat started on port 8080 (http) with context path '/'
2025-03-09 21:01:12 - Started EmployeePayrollAppApplication in 11.907 seconds (process running for 13.354)
2025-03-09 21:01:27 - Initializing Spring DispatcherServlet 'dispatcherServlet'
2025-03-09 21:01:27 - Initializing Servlet 'dispatcherServlet'
2025-03-09 21:01:27 - Completed initialization in 6 ms
2025-03-09 21:01:27 - Fetching all employees
2025-03-09 21:01:27 - Fetching all employees
2025-03-09 21:01:27 - Fetching all employees
2025-03-09 21:01:27 - Fetching all employees
2025-03-09 21:02:06 - Fetching all employees
2025-03-09 21:02:06 - Fetching all employees
2025-03-09 21:02:06 - Fetching all employees
2025-03-09 21:02:06 - Fetching all employees
2025-03-09 21:02:07 - Fetching all employees
2025-03-09 21:02:07 - Fetching all employees
2025-03-09 21:02:12 - Fetching all employees
2025-03-09 21:02:12 - Fetching all employees
2025-03-09 21:02:12 - Fetching all employees
2025-03-09 21:02:12 - Fetching all employees
2025-03-09 21:02:13 - Fetching all employees
2025-03-09 21:02:13 - Fetching all employees
2025-03-09 21:02:13 - Fetching all employees
2025-03-09 21:02:13 - Fetching all employees
2025-03-09 21:06:37 - Fetching all employees
2025-03-09 21:06:37 - Fetching all employees
2025-03-09 21:06:40 - Fetching all employees
2025-03-09 21:06:40 - Fetching all employees
2025-03-09 21:06:41 - Fetching all employees
2025-03-09 21:06:41 - Fetching all employees
2025-03-09 21:08:14 - Fetching all employees
2025-03-09 21:08:14 - Fetching all employees
2025-03-09 21:08:14 - Fetching all employees
2025-03-09 21:08:14 - Fetching all employees
2025-03-09 21:12:58 - Fetching all employees
2025-03-09 21:12:58 - Fetching all employees
2025-03-09 21:12:58 - Fetching all employees
2025-03-09 21:12:58 - Fetching all employees
2025-03-09 21:15:28 - Created employee with name: Rak
2025-03-09 21:15:29 - Fetching all employees
2025-03-09 21:15:29 - Fetching all employees
2025-03-09 21:15:44 - Fetching employee with ID: 9
2025-03-09 21:15:44 - Updated employee with ID: 9
2025-03-09 21:15:44 - Fetching all employees
2025-03-09 21:15:44 - Fetching all employees
2025-03-09 21:22:30 - Fetching employee with ID: 5
2025-03-09 21:22:30 - Updated employee with ID: 5
2025-03-09 21:22:30 - Fetching all employees
2025-03-09 21:22:30 - Fetching all employees
2025-03-09 21:44:36 - Commencing graceful shutdown. Waiting for active requests to complete
2025-03-09 21:44:36 - Graceful shutdown complete
2025-03-09 21:44:36 - Closing JPA EntityManagerFactory for persistence unit 'default'
2025-03-09 21:44:36 - HikariPool-1 - Shutdown initiated...
2025-03-09 21:44:36 - HikariPool-1 - Shutdown completed.
